<?xml version="1.0" encoding="UTF-8" ?>
<testsuite errors="0" failures="0" hostname="fernando-EZbook" name="videoclub.ClientVideoClubServiceTest" skipped="0" tests="2" time="0.239" timestamp="2021-03-31T06:55:36">
  <properties>
[...]
</properties>
  <testcase classname="videoclub.ClientVideoClubServiceTest" name="testGetVideo" time="0.068" />
  <testcase classname="videoclub.ClientVideoClubServiceTest" name="testClientVideoClubService" time="0.006" />
  <system-out><![CDATA[]]></system-out>
  <system-err><![CDATA[]]></system-err>
</testsuite>
